<?xml version="1.0" encoding="UTF-8"?>
<!-- Generated by org.testng.reporters.JUnitXMLReporter -->
<testsuite hostname="LAPTOP-RBOABFS6" ignored="0" name="Test" tests="10" failures="1" timestamp="17 Nov 2020 06:13:35 GMT" time="280.775" errors="0">
  <testcase name="getHospitalsNmaes" time="94.398" classname="TestCases.SearchHospitalTest"/>
  <testcase name="topCitiesTest" time="25.478" classname="TestCases.DiagnosticTest"/>
  <testcase name="verifyLogInWithInvalidCredentials" time="27.301" classname="TestCases.LogInTest"/>
  <testcase name="verifyLogInWithvalidCredentials" time="19.67" classname="TestCases.LogInTest"/>
  <testcase name="corporateWellnessTest" time="19.813" classname="TestCases.CorporateWellnessTest">
    <failure type="java.lang.AssertionError" message="Dismissed user prompt dialog: Please enter valid email address: 
Build info: version: &amp;apos;3.141.59&amp;apos;, revision: &amp;apos;e82be7d358&amp;apos;, time: &amp;apos;2018-11-14T08:17:03&amp;apos;
System info: host: &amp;apos;LAPTOP-RBOABFS6&amp;apos;, ip: &amp;apos;192.168.1.9&amp;apos;, os.name: &amp;apos;Windows 10&amp;apos;, os.arch: &amp;apos;amd64&amp;apos;, os.version: &amp;apos;10.0&amp;apos;, java.version: &amp;apos;1.8.0_261&amp;apos;
Driver info: org.openqa.selenium.firefox.FirefoxDriver
Capabilities {acceptInsecureCerts: true, browserName: firefox, browserVersion: 81.0.2, javascriptEnabled: true, moz:accessibilityChecks: false, moz:buildID: 20201012085804, moz:geckodriverVersion: 0.27.0, moz:headless: false, moz:processID: 25520, moz:profile: C:\Users\prakhar\AppData\Lo..., moz:shutdownTimeout: 60000, moz:useNonSpecCompliantPointerOrigin: false, moz:webdriverClick: true, pageLoadStrategy: normal, platform: WINDOWS, platformName: WINDOWS, platformVersion: 10.0, rotatable: false, setWindowRect: true, strictFileInteractability: false, timeouts: {implicit: 0, pageLoad: 300000, script: 30000}, unhandledPromptBehavior: dismiss and notify}
Session ID: f93ab077-74ff-4125-96b1-132c37d51061">
      <![CDATA[java.lang.AssertionError: Dismissed user prompt dialog: Please enter valid email address: 
Build info: version: '3.141.59', revision: 'e82be7d358', time: '2018-11-14T08:17:03'
System info: host: 'LAPTOP-RBOABFS6', ip: '192.168.1.9', os.name: 'Windows 10', os.arch: 'amd64', os.version: '10.0', java.version: '1.8.0_261'
Driver info: org.openqa.selenium.firefox.FirefoxDriver
Capabilities {acceptInsecureCerts: true, browserName: firefox, browserVersion: 81.0.2, javascriptEnabled: true, moz:accessibilityChecks: false, moz:buildID: 20201012085804, moz:geckodriverVersion: 0.27.0, moz:headless: false, moz:processID: 25520, moz:profile: C:\Users\prakhar\AppData\Lo..., moz:shutdownTimeout: 60000, moz:useNonSpecCompliantPointerOrigin: false, moz:webdriverClick: true, pageLoadStrategy: normal, platform: WINDOWS, platformName: WINDOWS, platformVersion: 10.0, rotatable: false, setWindowRect: true, strictFileInteractability: false, timeouts: {implicit: 0, pageLoad: 300000, script: 30000}, unhandledPromptBehavior: dismiss and notify}
Session ID: f93ab077-74ff-4125-96b1-132c37d51061
	at baseClasses.PageBaseClass.reportFail(PageBaseClass.java:131)
	at PageClasses.CorporateWellnessPage.scheduleDemo(CorporateWellnessPage.java:74)
	at TestCases.CorporateWellnessTest.corporateWellnessTest(CorporateWellnessTest.java:18)
... Removed 26 stack frames]]>
    </failure>
  </testcase> <!-- corporateWellnessTest -->
  <testcase name="consultButtontest" time="21.032" classname="TestCases.TopMenuTest"/>
  <testcase name="diagnosticsButtontest" time="19.051" classname="TestCases.TopMenuTest"/>
  <testcase name="doctorsButtontest" time="19.295" classname="TestCases.TopMenuTest"/>
  <testcase name="homeButtontest" time="16.652" classname="TestCases.TopMenuTest"/>
  <testcase name="pharmacyButtontest" time="16.557" classname="TestCases.TopMenuTest"/>
</testsuite> <!-- Test -->
