<?xml version="1.0" encoding="UTF-8"?>
<!-- Generated by org.testng.reporters.JUnitXMLReporter -->
<testsuite hostname="LAPTOP-RBOABFS6" ignored="0" name="Test" tests="10" failures="1" timestamp="24 Nov 2020 07:07:13 GMT" time="2.728" errors="0">
  <testcase name="@AfterMethod flushReports" time="0.318" classname="baseClasses.BaseTestClass">
    <failure type="java.lang.NullPointerException">
      <![CDATA[java.lang.NullPointerException
	at baseClasses.BaseTestClass.flushReports(BaseTestClass.java:80)
... Removed 27 stack frames]]>
    </failure>
  </testcase> <!-- @AfterMethod flushReports -->
  <testcase name="getHospitalsNmaes" time="2.361" classname="TestCases.SearchHospitalTest">
    <failure type="java.lang.NullPointerException">
      <![CDATA[java.lang.NullPointerException
	at baseClasses.BaseTestClass.invokeBrowser(BaseTestClass.java:70)
	at baseClasses.BaseTestClass.invokeLandingPage(BaseTestClass.java:129)
	at TestCases.SearchHospitalTest.getHospitalsNmaes(SearchHospitalTest.java:18)
... Removed 25 stack frames]]>
    </failure>
  </testcase> <!-- getHospitalsNmaes -->
  <testcase name="topCitiesTest" time="0.0" classname="TestCases.DiagnosticTest">
    <skipped/>
  </testcase> <!-- topCitiesTest -->
  <testcase name="verifyLogInWithInvalidCredentials" time="0.0" classname="TestCases.LogInTest">
    <skipped/>
  </testcase> <!-- verifyLogInWithInvalidCredentials -->
  <testcase name="verifyLogInWithvalidCredentials" time="0.0" classname="TestCases.LogInTest">
    <skipped/>
  </testcase> <!-- verifyLogInWithvalidCredentials -->
  <testcase name="corporateWellnessTest" time="0.0" classname="TestCases.CorporateWellnessTest">
    <skipped/>
  </testcase> <!-- corporateWellnessTest -->
  <testcase name="consultButtontest" time="0.0" classname="TestCases.TopMenuTest">
    <skipped/>
  </testcase> <!-- consultButtontest -->
  <testcase name="diagnosticsButtontest" time="0.0" classname="TestCases.TopMenuTest">
    <skipped/>
  </testcase> <!-- diagnosticsButtontest -->
  <testcase name="doctorsButtontest" time="0.0" classname="TestCases.TopMenuTest">
    <skipped/>
  </testcase> <!-- doctorsButtontest -->
  <testcase name="homeButtontest" time="0.0" classname="TestCases.TopMenuTest">
    <skipped/>
  </testcase> <!-- homeButtontest -->
  <testcase name="pharmacyButtontest" time="0.0" classname="TestCases.TopMenuTest">
    <skipped/>
  </testcase> <!-- pharmacyButtontest -->
</testsuite> <!-- Test -->
