<?xml version="1.0" encoding="UTF-8"?>
<!-- Generated by org.testng.reporters.JUnitXMLReporter -->
<testsuite hostname="LAPTOP-RBOABFS6" ignored="4" name="Test" tests="6" failures="0" timestamp="17 Nov 2020 11:13:24 GMT" time="115.773" errors="0">
  <testcase name="verifyLogInWithInvalidCredentials" time="26.327" classname="TestCases.LogInTest"/>
  <testcase name="consultButtontest" time="17.559" classname="TestCases.TopMenuTest"/>
  <testcase name="diagnosticsButtontest" time="19.98" classname="TestCases.TopMenuTest"/>
  <testcase name="doctorsButtontest" time="18.774" classname="TestCases.TopMenuTest"/>
  <testcase name="homeButtontest" time="16.331" classname="TestCases.TopMenuTest"/>
  <testcase name="pharmacyButtontest" time="16.774" classname="TestCases.TopMenuTest"/>
  <testcase name="verifyLogInWithvalidCredentials" time="0.0" classname="TestCases.LogInTest">
    <ignored/>
  </testcase> <!-- verifyLogInWithvalidCredentials -->
  <testcase name="topCitiesTest" time="0.0" classname="TestCases.DiagnosticTest">
    <ignored/>
  </testcase> <!-- topCitiesTest -->
  <testcase name="corporateWellnessTest" time="0.0" classname="TestCases.CorporateWellnessTest">
    <ignored/>
  </testcase> <!-- corporateWellnessTest -->
  <testcase name="getHospitalsNmaes" time="0.0" classname="TestCases.SearchHospitalTest">
    <ignored/>
  </testcase> <!-- getHospitalsNmaes -->
</testsuite> <!-- Test -->
