<?xml version="1.0" encoding="UTF-8"?>
<!-- Generated by org.testng.reporters.JUnitXMLReporter -->
<testsuite hostname="LAPTOP-RBOABFS6" ignored="4" name="Test" tests="6" failures="6" timestamp="24 Nov 2020 06:41:45 GMT" time="0.532" errors="0">
  <testcase name="verifyLogInWithInvalidCredentials" time="0.502" classname="TestCases.LogInTest">
    <failure type="java.lang.NullPointerException">
      <![CDATA[java.lang.NullPointerException
	at baseClasses.BaseTestClass.invokeBrowser(BaseTestClass.java:70)
	at baseClasses.BaseTestClass.invokeLandingPage(BaseTestClass.java:129)
	at TestCases.LogInTest.verifyLogInWithInvalidCredentials(LogInTest.java:46)
... Removed 25 stack frames]]>
    </failure>
  </testcase> <!-- verifyLogInWithInvalidCredentials -->
  <testcase name="consultButtontest" time="0.002" classname="TestCases.TopMenuTest">
    <failure type="java.lang.NullPointerException">
      <![CDATA[java.lang.NullPointerException
	at baseClasses.BaseTestClass.invokeBrowser(BaseTestClass.java:70)
	at baseClasses.BaseTestClass.invokeLandingPage(BaseTestClass.java:129)
	at TestCases.TopMenuTest.consultButtontest(TopMenuTest.java:37)
... Removed 25 stack frames]]>
    </failure>
  </testcase> <!-- consultButtontest -->
  <testcase name="diagnosticsButtontest" time="0.001" classname="TestCases.TopMenuTest">
    <failure type="java.lang.NullPointerException">
      <![CDATA[java.lang.NullPointerException
	at baseClasses.BaseTestClass.invokeBrowser(BaseTestClass.java:70)
	at baseClasses.BaseTestClass.invokeLandingPage(BaseTestClass.java:129)
	at TestCases.TopMenuTest.diagnosticsButtontest(TopMenuTest.java:56)
... Removed 25 stack frames]]>
    </failure>
  </testcase> <!-- diagnosticsButtontest -->
  <testcase name="doctorsButtontest" time="0.001" classname="TestCases.TopMenuTest">
    <failure type="java.lang.NullPointerException">
      <![CDATA[java.lang.NullPointerException
	at baseClasses.BaseTestClass.invokeBrowser(BaseTestClass.java:70)
	at baseClasses.BaseTestClass.invokeLandingPage(BaseTestClass.java:129)
	at TestCases.TopMenuTest.doctorsButtontest(TopMenuTest.java:27)
... Removed 25 stack frames]]>
    </failure>
  </testcase> <!-- doctorsButtontest -->
  <testcase name="homeButtontest" time="0.001" classname="TestCases.TopMenuTest">
    <failure type="java.lang.NullPointerException">
      <![CDATA[java.lang.NullPointerException
	at baseClasses.BaseTestClass.invokeBrowser(BaseTestClass.java:70)
	at baseClasses.BaseTestClass.invokeLandingPage(BaseTestClass.java:129)
	at TestCases.TopMenuTest.homeButtontest(TopMenuTest.java:17)
... Removed 25 stack frames]]>
    </failure>
  </testcase> <!-- homeButtontest -->
  <testcase name="pharmacyButtontest" time="0.001" classname="TestCases.TopMenuTest">
    <failure type="java.lang.NullPointerException">
      <![CDATA[java.lang.NullPointerException
	at baseClasses.BaseTestClass.invokeBrowser(BaseTestClass.java:70)
	at baseClasses.BaseTestClass.invokeLandingPage(BaseTestClass.java:129)
	at TestCases.TopMenuTest.pharmacyButtontest(TopMenuTest.java:46)
... Removed 25 stack frames]]>
    </failure>
  </testcase> <!-- pharmacyButtontest -->
  <testcase name="verifyLogInWithvalidCredentials" time="0.0" classname="TestCases.LogInTest">
    <ignored/>
  </testcase> <!-- verifyLogInWithvalidCredentials -->
  <testcase name="topCitiesTest" time="0.0" classname="TestCases.DiagnosticTest">
    <ignored/>
  </testcase> <!-- topCitiesTest -->
  <testcase name="corporateWellnessTest" time="0.0" classname="TestCases.CorporateWellnessTest">
    <ignored/>
  </testcase> <!-- corporateWellnessTest -->
  <testcase name="getHospitalsNmaes" time="0.0" classname="TestCases.SearchHospitalTest">
    <ignored/>
  </testcase> <!-- getHospitalsNmaes -->
</testsuite> <!-- Test -->
