<?xml version="1.0" encoding="UTF-8"?>
<!-- Generated by org.testng.reporters.JUnitXMLReporter -->
<testsuite ignored="6" hostname="DESKTOP-994EN8K" failures="1" tests="4" name="Test" time="97.901" errors="0" timestamp="2020-11-05T02:43:10 IST">
  <testcase classname="TestCases.CorporateWellnessTest" name="corporateWellnessTest" time="17.407">
    <failure type="java.lang.AssertionError" message="Dismissed user prompt dialog: Please enter valid email address: 
Build info: version: &amp;apos;3.141.59&amp;apos;, revision: &amp;apos;e82be7d358&amp;apos;, time: &amp;apos;2018-11-14T08:17:03&amp;apos;
System info: host: &amp;apos;DESKTOP-994EN8K&amp;apos;, ip: &amp;apos;192.168.29.138&amp;apos;, os.name: &amp;apos;Windows 10&amp;apos;, os.arch: &amp;apos;amd64&amp;apos;, os.version: &amp;apos;10.0&amp;apos;, java.version: &amp;apos;15&amp;apos;
Driver info: org.openqa.selenium.firefox.FirefoxDriver
Capabilities {acceptInsecureCerts: true, browserName: firefox, browserVersion: 82.0.2, javascriptEnabled: true, moz:accessibilityChecks: false, moz:buildID: 20201027185343, moz:geckodriverVersion: 0.27.0, moz:headless: false, moz:processID: 19660, moz:profile: C:\Users\kumar\AppData\Loca..., moz:shutdownTimeout: 60000, moz:useNonSpecCompliantPointerOrigin: false, moz:webdriverClick: true, pageLoadStrategy: normal, platform: WINDOWS, platformName: WINDOWS, platformVersion: 10.0, rotatable: false, setWindowRect: true, strictFileInteractability: false, timeouts: {implicit: 0, pageLoad: 300000, script: 30000}, unhandledPromptBehavior: dismiss and notify}
Session ID: 83d9f73e-1dc6-4f21-bf3c-49c62e530984">
      <![CDATA[java.lang.AssertionError: Dismissed user prompt dialog: Please enter valid email address: 
Build info: version: '3.141.59', revision: 'e82be7d358', time: '2018-11-14T08:17:03'
System info: host: 'DESKTOP-994EN8K', ip: '192.168.29.138', os.name: 'Windows 10', os.arch: 'amd64', os.version: '10.0', java.version: '15'
Driver info: org.openqa.selenium.firefox.FirefoxDriver
Capabilities {acceptInsecureCerts: true, browserName: firefox, browserVersion: 82.0.2, javascriptEnabled: true, moz:accessibilityChecks: false, moz:buildID: 20201027185343, moz:geckodriverVersion: 0.27.0, moz:headless: false, moz:processID: 19660, moz:profile: C:\Users\kumar\AppData\Loca..., moz:shutdownTimeout: 60000, moz:useNonSpecCompliantPointerOrigin: false, moz:webdriverClick: true, pageLoadStrategy: normal, platform: WINDOWS, platformName: WINDOWS, platformVersion: 10.0, rotatable: false, setWindowRect: true, strictFileInteractability: false, timeouts: {implicit: 0, pageLoad: 300000, script: 30000}, unhandledPromptBehavior: dismiss and notify}
Session ID: 83d9f73e-1dc6-4f21-bf3c-49c62e530984
at baseClasses.PageBaseClass.reportFail(PageBaseClass.java:131)
at PageClasses.CorporateWellnessPage.scheduleDemo(CorporateWellnessPage.java:74)
at TestCases.CorporateWellnessTest.corporateWellnessTest(CorporateWellnessTest.java:18)
at java.base/java.util.ArrayList.forEach(ArrayList.java:1511)
... Removed 29 stack frames]]>
    </failure>
  </testcase> <!-- corporateWellnessTest -->
  <testcase classname="TestCases.LogInTest" name="verifyLogInWithvalidCredentials" time="19.749"/>
  <testcase classname="TestCases.SearchHospitalTest" name="getHospitalsNmaes" time="40.638"/>
  <testcase classname="TestCases.DiagnosticTest" name="topCitiesTest" time="20.06"/>
  <testcase classname="TestCases.TopMenuTest" name="diagnosticsButtontest" time="0.0">
    <ignored/>
  </testcase> <!-- diagnosticsButtontest -->
  <testcase classname="TestCases.TopMenuTest" name="pharmacyButtontest" time="0.0">
    <ignored/>
  </testcase> <!-- pharmacyButtontest -->
  <testcase classname="TestCases.TopMenuTest" name="consultButtontest" time="0.0">
    <ignored/>
  </testcase> <!-- consultButtontest -->
  <testcase classname="TestCases.TopMenuTest" name="doctorsButtontest" time="0.0">
    <ignored/>
  </testcase> <!-- doctorsButtontest -->
  <testcase classname="TestCases.LogInTest" name="verifyLogInWithInvalidCredentials" time="0.0">
    <ignored/>
  </testcase> <!-- verifyLogInWithInvalidCredentials -->
  <testcase classname="TestCases.TopMenuTest" name="homeButtontest" time="0.0">
    <ignored/>
  </testcase> <!-- homeButtontest -->
</testsuite> <!-- Test -->
